C:\PROGRAM FILES\NODEJS\NPM.CMD:1
:: Created by npm, please don't edit manually.
^

SyntaxError: Unexpected token ':'
    at wrapSafe (internal/modules/cjs/loader.js:979:16)
    at Module._compile (internal/modules/cjs/loader.js:1027:27)
    at Object.Module._extensions..js (internal/modules/cjs/loader.js:1092:10)
    at Module.load (internal/modules/cjs/loader.js:928:32)
    at Function.Module._load (internal/modules/cjs/loader.js:769:14)
    at Object.<anonymous> (C:\Users\ADMIN25-SB1\AppData\Roaming\npm\node_modules\pm2\lib\ProcessContainerFork.js:33:23)
    at Module._compile (internal/modules/cjs/loader.js:1063:30)
    at Object.Module._extensions..js (internal/modules/cjs/loader.js:1092:10)
    at Module.load (internal/modules/cjs/loader.js:928:32)
    at Function.Module._load (internal/modules/cjs/loader.js:769:14)
C:\PROGRAM FILES\NODEJS\NPM.CMD:1
:: Created by npm, please don't edit manually.
^

SyntaxError: Unexpected token ':'
    at wrapSafe (internal/modules/cjs/loader.js:979:16)
    at Module._compile (internal/modules/cjs/loader.js:1027:27)
    at Object.Module._extensions..js (internal/modules/cjs/loader.js:1092:10)
    at Module.load (internal/modules/cjs/loader.js:928:32)
    at Function.Module._load (internal/modules/cjs/loader.js:769:14)
    at Object.<anonymous> (C:\Users\ADMIN25-SB1\AppData\Roaming\npm\node_modules\pm2\lib\ProcessContainerFork.js:33:23)
    at Module._compile (internal/modules/cjs/loader.js:1063:30)
    at Object.Module._extensions..js (internal/modules/cjs/loader.js:1092:10)
    at Module.load (internal/modules/cjs/loader.js:928:32)
    at Function.Module._load (internal/modules/cjs/loader.js:769:14)
C:\PROGRAM FILES\NODEJS\NPM.CMD:1
:: Created by npm, please don't edit manually.
^

SyntaxError: Unexpected token ':'
    at wrapSafe (internal/modules/cjs/loader.js:979:16)
    at Module._compile (internal/modules/cjs/loader.js:1027:27)
    at Object.Module._extensions..js (internal/modules/cjs/loader.js:1092:10)
    at Module.load (internal/modules/cjs/loader.js:928:32)
    at Function.Module._load (internal/modules/cjs/loader.js:769:14)
    at Object.<anonymous> (C:\Users\ADMIN25-SB1\AppData\Roaming\npm\node_modules\pm2\lib\ProcessContainerFork.js:33:23)
    at Module._compile (internal/modules/cjs/loader.js:1063:30)
    at Object.Module._extensions..js (internal/modules/cjs/loader.js:1092:10)
    at Module.load (internal/modules/cjs/loader.js:928:32)
    at Function.Module._load (internal/modules/cjs/loader.js:769:14)
C:\PROGRAM FILES\NODEJS\NPM.CMD:1
:: Created by npm, please don't edit manually.
^

SyntaxError: Unexpected token ':'
    at wrapSafe (internal/modules/cjs/loader.js:979:16)
    at Module._compile (internal/modules/cjs/loader.js:1027:27)
    at Object.Module._extensions..js (internal/modules/cjs/loader.js:1092:10)
    at Module.load (internal/modules/cjs/loader.js:928:32)
    at Function.Module._load (internal/modules/cjs/loader.js:769:14)
    at Object.<anonymous> (C:\Users\ADMIN25-SB1\AppData\Roaming\npm\node_modules\pm2\lib\ProcessContainerFork.js:33:23)
    at Module._compile (internal/modules/cjs/loader.js:1063:30)
    at Object.Module._extensions..js (internal/modules/cjs/loader.js:1092:10)
    at Module.load (internal/modules/cjs/loader.js:928:32)
    at Function.Module._load (internal/modules/cjs/loader.js:769:14)
C:\PROGRAM FILES\NODEJS\NPM.CMD:1
:: Created by npm, please don't edit manually.
^

SyntaxError: Unexpected token ':'
    at wrapSafe (internal/modules/cjs/loader.js:979:16)
    at Module._compile (internal/modules/cjs/loader.js:1027:27)
    at Object.Module._extensions..js (internal/modules/cjs/loader.js:1092:10)
    at Module.load (internal/modules/cjs/loader.js:928:32)
    at Function.Module._load (internal/modules/cjs/loader.js:769:14)
    at Object.<anonymous> (C:\Users\ADMIN25-SB1\AppData\Roaming\npm\node_modules\pm2\lib\ProcessContainerFork.js:33:23)
    at Module._compile (internal/modules/cjs/loader.js:1063:30)
    at Object.Module._extensions..js (internal/modules/cjs/loader.js:1092:10)
    at Module.load (internal/modules/cjs/loader.js:928:32)
    at Function.Module._load (internal/modules/cjs/loader.js:769:14)
C:\PROGRAM FILES\NODEJS\NPM.CMD:1
:: Created by npm, please don't edit manually.
^

SyntaxError: Unexpected token ':'
    at wrapSafe (internal/modules/cjs/loader.js:979:16)
    at Module._compile (internal/modules/cjs/loader.js:1027:27)
    at Object.Module._extensions..js (internal/modules/cjs/loader.js:1092:10)
    at Module.load (internal/modules/cjs/loader.js:928:32)
    at Function.Module._load (internal/modules/cjs/loader.js:769:14)
    at Object.<anonymous> (C:\Users\ADMIN25-SB1\AppData\Roaming\npm\node_modules\pm2\lib\ProcessContainerFork.js:33:23)
    at Module._compile (internal/modules/cjs/loader.js:1063:30)
    at Object.Module._extensions..js (internal/modules/cjs/loader.js:1092:10)
    at Module.load (internal/modules/cjs/loader.js:928:32)
    at Function.Module._load (internal/modules/cjs/loader.js:769:14)
C:\PROGRAM FILES\NODEJS\NPM.CMD:1
:: Created by npm, please don't edit manually.
^

SyntaxError: Unexpected token ':'
    at wrapSafe (internal/modules/cjs/loader.js:979:16)
    at Module._compile (internal/modules/cjs/loader.js:1027:27)
    at Object.Module._extensions..js (internal/modules/cjs/loader.js:1092:10)
    at Module.load (internal/modules/cjs/loader.js:928:32)
    at Function.Module._load (internal/modules/cjs/loader.js:769:14)
    at Object.<anonymous> (C:\Users\ADMIN25-SB1\AppData\Roaming\npm\node_modules\pm2\lib\ProcessContainerFork.js:33:23)
    at Module._compile (internal/modules/cjs/loader.js:1063:30)
    at Object.Module._extensions..js (internal/modules/cjs/loader.js:1092:10)
    at Module.load (internal/modules/cjs/loader.js:928:32)
    at Function.Module._load (internal/modules/cjs/loader.js:769:14)
C:\PROGRAM FILES\NODEJS\NPM.CMD:1
:: Created by npm, please don't edit manually.
^

SyntaxError: Unexpected token ':'
    at wrapSafe (internal/modules/cjs/loader.js:979:16)
    at Module._compile (internal/modules/cjs/loader.js:1027:27)
    at Object.Module._extensions..js (internal/modules/cjs/loader.js:1092:10)
    at Module.load (internal/modules/cjs/loader.js:928:32)
    at Function.Module._load (internal/modules/cjs/loader.js:769:14)
    at Object.<anonymous> (C:\Users\ADMIN25-SB1\AppData\Roaming\npm\node_modules\pm2\lib\ProcessContainerFork.js:33:23)
    at Module._compile (internal/modules/cjs/loader.js:1063:30)
    at Object.Module._extensions..js (internal/modules/cjs/loader.js:1092:10)
    at Module.load (internal/modules/cjs/loader.js:928:32)
    at Function.Module._load (internal/modules/cjs/loader.js:769:14)
C:\PROGRAM FILES\NODEJS\NPM.CMD:1
:: Created by npm, please don't edit manually.
^

SyntaxError: Unexpected token ':'
    at wrapSafe (internal/modules/cjs/loader.js:979:16)
    at Module._compile (internal/modules/cjs/loader.js:1027:27)
    at Object.Module._extensions..js (internal/modules/cjs/loader.js:1092:10)
    at Module.load (internal/modules/cjs/loader.js:928:32)
    at Function.Module._load (internal/modules/cjs/loader.js:769:14)
    at Object.<anonymous> (C:\Users\ADMIN25-SB1\AppData\Roaming\npm\node_modules\pm2\lib\ProcessContainerFork.js:33:23)
    at Module._compile (internal/modules/cjs/loader.js:1063:30)
    at Object.Module._extensions..js (internal/modules/cjs/loader.js:1092:10)
    at Module.load (internal/modules/cjs/loader.js:928:32)
    at Function.Module._load (internal/modules/cjs/loader.js:769:14)
C:\PROGRAM FILES\NODEJS\NPM.CMD:1
:: Created by npm, please don't edit manually.
^

SyntaxError: Unexpected token ':'
    at wrapSafe (internal/modules/cjs/loader.js:979:16)
    at Module._compile (internal/modules/cjs/loader.js:1027:27)
    at Object.Module._extensions..js (internal/modules/cjs/loader.js:1092:10)
    at Module.load (internal/modules/cjs/loader.js:928:32)
    at Function.Module._load (internal/modules/cjs/loader.js:769:14)
    at Object.<anonymous> (C:\Users\ADMIN25-SB1\AppData\Roaming\npm\node_modules\pm2\lib\ProcessContainerFork.js:33:23)
    at Module._compile (internal/modules/cjs/loader.js:1063:30)
    at Object.Module._extensions..js (internal/modules/cjs/loader.js:1092:10)
    at Module.load (internal/modules/cjs/loader.js:928:32)
    at Function.Module._load (internal/modules/cjs/loader.js:769:14)
C:\PROGRAM FILES\NODEJS\NPM.CMD:1
:: Created by npm, please don't edit manually.
^

SyntaxError: Unexpected token ':'
    at wrapSafe (internal/modules/cjs/loader.js:979:16)
    at Module._compile (internal/modules/cjs/loader.js:1027:27)
    at Object.Module._extensions..js (internal/modules/cjs/loader.js:1092:10)
    at Module.load (internal/modules/cjs/loader.js:928:32)
    at Function.Module._load (internal/modules/cjs/loader.js:769:14)
    at Object.<anonymous> (C:\Users\ADMIN25-SB1\AppData\Roaming\npm\node_modules\pm2\lib\ProcessContainerFork.js:33:23)
    at Module._compile (internal/modules/cjs/loader.js:1063:30)
    at Object.Module._extensions..js (internal/modules/cjs/loader.js:1092:10)
    at Module.load (internal/modules/cjs/loader.js:928:32)
    at Function.Module._load (internal/modules/cjs/loader.js:769:14)
C:\PROGRAM FILES\NODEJS\NPM.CMD:1
:: Created by npm, please don't edit manually.
^

SyntaxError: Unexpected token ':'
    at wrapSafe (internal/modules/cjs/loader.js:979:16)
    at Module._compile (internal/modules/cjs/loader.js:1027:27)
    at Object.Module._extensions..js (internal/modules/cjs/loader.js:1092:10)
    at Module.load (internal/modules/cjs/loader.js:928:32)
    at Function.Module._load (internal/modules/cjs/loader.js:769:14)
    at Object.<anonymous> (C:\Users\ADMIN25-SB1\AppData\Roaming\npm\node_modules\pm2\lib\ProcessContainerFork.js:33:23)
    at Module._compile (internal/modules/cjs/loader.js:1063:30)
    at Object.Module._extensions..js (internal/modules/cjs/loader.js:1092:10)
    at Module.load (internal/modules/cjs/loader.js:928:32)
    at Function.Module._load (internal/modules/cjs/loader.js:769:14)
C:\PROGRAM FILES\NODEJS\NPM.CMD:1
:: Created by npm, please don't edit manually.
^

SyntaxError: Unexpected token ':'
    at wrapSafe (internal/modules/cjs/loader.js:979:16)
    at Module._compile (internal/modules/cjs/loader.js:1027:27)
    at Object.Module._extensions..js (internal/modules/cjs/loader.js:1092:10)
    at Module.load (internal/modules/cjs/loader.js:928:32)
    at Function.Module._load (internal/modules/cjs/loader.js:769:14)
    at Object.<anonymous> (C:\Users\ADMIN25-SB1\AppData\Roaming\npm\node_modules\pm2\lib\ProcessContainerFork.js:33:23)
    at Module._compile (internal/modules/cjs/loader.js:1063:30)
    at Object.Module._extensions..js (internal/modules/cjs/loader.js:1092:10)
    at Module.load (internal/modules/cjs/loader.js:928:32)
    at Function.Module._load (internal/modules/cjs/loader.js:769:14)
C:\PROGRAM FILES\NODEJS\NPM.CMD:1
:: Created by npm, please don't edit manually.
^

SyntaxError: Unexpected token ':'
    at wrapSafe (internal/modules/cjs/loader.js:979:16)
    at Module._compile (internal/modules/cjs/loader.js:1027:27)
    at Object.Module._extensions..js (internal/modules/cjs/loader.js:1092:10)
    at Module.load (internal/modules/cjs/loader.js:928:32)
    at Function.Module._load (internal/modules/cjs/loader.js:769:14)
    at Object.<anonymous> (C:\Users\ADMIN25-SB1\AppData\Roaming\npm\node_modules\pm2\lib\ProcessContainerFork.js:33:23)
    at Module._compile (internal/modules/cjs/loader.js:1063:30)
    at Object.Module._extensions..js (internal/modules/cjs/loader.js:1092:10)
    at Module.load (internal/modules/cjs/loader.js:928:32)
    at Function.Module._load (internal/modules/cjs/loader.js:769:14)
C:\PROGRAM FILES\NODEJS\NPM.CMD:1
:: Created by npm, please don't edit manually.
^

SyntaxError: Unexpected token ':'
    at wrapSafe (internal/modules/cjs/loader.js:979:16)
    at Module._compile (internal/modules/cjs/loader.js:1027:27)
    at Object.Module._extensions..js (internal/modules/cjs/loader.js:1092:10)
    at Module.load (internal/modules/cjs/loader.js:928:32)
    at Function.Module._load (internal/modules/cjs/loader.js:769:14)
    at Object.<anonymous> (C:\Users\ADMIN25-SB1\AppData\Roaming\npm\node_modules\pm2\lib\ProcessContainerFork.js:33:23)
    at Module._compile (internal/modules/cjs/loader.js:1063:30)
    at Object.Module._extensions..js (internal/modules/cjs/loader.js:1092:10)
    at Module.load (internal/modules/cjs/loader.js:928:32)
    at Function.Module._load (internal/modules/cjs/loader.js:769:14)
C:\PROGRAM FILES\NODEJS\NPM.CMD:1
:: Created by npm, please don't edit manually.
^

SyntaxError: Unexpected token ':'
    at wrapSafe (internal/modules/cjs/loader.js:979:16)
    at Module._compile (internal/modules/cjs/loader.js:1027:27)
    at Object.Module._extensions..js (internal/modules/cjs/loader.js:1092:10)
    at Module.load (internal/modules/cjs/loader.js:928:32)
    at Function.Module._load (internal/modules/cjs/loader.js:769:14)
    at Object.<anonymous> (C:\Users\ADMIN25-SB1\AppData\Roaming\npm\node_modules\pm2\lib\ProcessContainerFork.js:33:23)
    at Module._compile (internal/modules/cjs/loader.js:1063:30)
    at Object.Module._extensions..js (internal/modules/cjs/loader.js:1092:10)
    at Module.load (internal/modules/cjs/loader.js:928:32)
    at Function.Module._load (internal/modules/cjs/loader.js:769:14)
C:\PROGRAM FILES\NODEJS\NPM.CMD:1
:: Created by npm, please don't edit manually.
^

SyntaxError: Unexpected token ':'
    at wrapSafe (internal/modules/cjs/loader.js:979:16)
    at Module._compile (internal/modules/cjs/loader.js:1027:27)
    at Object.Module._extensions..js (internal/modules/cjs/loader.js:1092:10)
    at Module.load (internal/modules/cjs/loader.js:928:32)
    at Function.Module._load (internal/modules/cjs/loader.js:769:14)
    at Object.<anonymous> (C:\Users\ADMIN25-SB1\AppData\Roaming\npm\node_modules\pm2\lib\ProcessContainerFork.js:33:23)
    at Module._compile (internal/modules/cjs/loader.js:1063:30)
    at Object.Module._extensions..js (internal/modules/cjs/loader.js:1092:10)
    at Module.load (internal/modules/cjs/loader.js:928:32)
    at Function.Module._load (internal/modules/cjs/loader.js:769:14)
C:\PROGRAM FILES\NODEJS\NPM.CMD:1
:: Created by npm, please don't edit manually.
^

SyntaxError: Unexpected token ':'
    at wrapSafe (internal/modules/cjs/loader.js:979:16)
    at Module._compile (internal/modules/cjs/loader.js:1027:27)
    at Object.Module._extensions..js (internal/modules/cjs/loader.js:1092:10)
    at Module.load (internal/modules/cjs/loader.js:928:32)
    at Function.Module._load (internal/modules/cjs/loader.js:769:14)
    at Object.<anonymous> (C:\Users\ADMIN25-SB1\AppData\Roaming\npm\node_modules\pm2\lib\ProcessContainerFork.js:33:23)
    at Module._compile (internal/modules/cjs/loader.js:1063:30)
    at Object.Module._extensions..js (internal/modules/cjs/loader.js:1092:10)
    at Module.load (internal/modules/cjs/loader.js:928:32)
    at Function.Module._load (internal/modules/cjs/loader.js:769:14)
C:\PROGRAM FILES\NODEJS\NPM.CMD:1
:: Created by npm, please don't edit manually.
^

SyntaxError: Unexpected token ':'
    at wrapSafe (internal/modules/cjs/loader.js:979:16)
    at Module._compile (internal/modules/cjs/loader.js:1027:27)
    at Object.Module._extensions..js (internal/modules/cjs/loader.js:1092:10)
    at Module.load (internal/modules/cjs/loader.js:928:32)
    at Function.Module._load (internal/modules/cjs/loader.js:769:14)
    at Object.<anonymous> (C:\Users\ADMIN25-SB1\AppData\Roaming\npm\node_modules\pm2\lib\ProcessContainerFork.js:33:23)
    at Module._compile (internal/modules/cjs/loader.js:1063:30)
    at Object.Module._extensions..js (internal/modules/cjs/loader.js:1092:10)
    at Module.load (internal/modules/cjs/loader.js:928:32)
    at Function.Module._load (internal/modules/cjs/loader.js:769:14)
C:\PROGRAM FILES\NODEJS\NPM.CMD:1
:: Created by npm, please don't edit manually.
^

SyntaxError: Unexpected token ':'
    at wrapSafe (internal/modules/cjs/loader.js:979:16)
    at Module._compile (internal/modules/cjs/loader.js:1027:27)
    at Object.Module._extensions..js (internal/modules/cjs/loader.js:1092:10)
    at Module.load (internal/modules/cjs/loader.js:928:32)
    at Function.Module._load (internal/modules/cjs/loader.js:769:14)
    at Object.<anonymous> (C:\Users\ADMIN25-SB1\AppData\Roaming\npm\node_modules\pm2\lib\ProcessContainerFork.js:33:23)
    at Module._compile (internal/modules/cjs/loader.js:1063:30)
    at Object.Module._extensions..js (internal/modules/cjs/loader.js:1092:10)
    at Module.load (internal/modules/cjs/loader.js:928:32)
    at Function.Module._load (internal/modules/cjs/loader.js:769:14)
C:\PROGRAM FILES\NODEJS\NPM.CMD:1
:: Created by npm, please don't edit manually.
^

SyntaxError: Unexpected token ':'
    at wrapSafe (internal/modules/cjs/loader.js:979:16)
    at Module._compile (internal/modules/cjs/loader.js:1027:27)
    at Object.Module._extensions..js (internal/modules/cjs/loader.js:1092:10)
    at Module.load (internal/modules/cjs/loader.js:928:32)
    at Function.Module._load (internal/modules/cjs/loader.js:769:14)
    at Object.<anonymous> (C:\Users\ADMIN25-SB1\AppData\Roaming\npm\node_modules\pm2\lib\ProcessContainerFork.js:33:23)
    at Module._compile (internal/modules/cjs/loader.js:1063:30)
    at Object.Module._extensions..js (internal/modules/cjs/loader.js:1092:10)
    at Module.load (internal/modules/cjs/loader.js:928:32)
    at Function.Module._load (internal/modules/cjs/loader.js:769:14)
C:\PROGRAM FILES\NODEJS\NPM.CMD:1
:: Created by npm, please don't edit manually.
^

SyntaxError: Unexpected token ':'
    at wrapSafe (internal/modules/cjs/loader.js:979:16)
    at Module._compile (internal/modules/cjs/loader.js:1027:27)
    at Object.Module._extensions..js (internal/modules/cjs/loader.js:1092:10)
    at Module.load (internal/modules/cjs/loader.js:928:32)
    at Function.Module._load (internal/modules/cjs/loader.js:769:14)
    at Object.<anonymous> (C:\Users\ADMIN25-SB1\AppData\Roaming\npm\node_modules\pm2\lib\ProcessContainerFork.js:33:23)
    at Module._compile (internal/modules/cjs/loader.js:1063:30)
    at Object.Module._extensions..js (internal/modules/cjs/loader.js:1092:10)
    at Module.load (internal/modules/cjs/loader.js:928:32)
    at Function.Module._load (internal/modules/cjs/loader.js:769:14)
C:\PROGRAM FILES\NODEJS\NPM.CMD:1
:: Created by npm, please don't edit manually.
^

SyntaxError: Unexpected token ':'
    at wrapSafe (internal/modules/cjs/loader.js:979:16)
    at Module._compile (internal/modules/cjs/loader.js:1027:27)
    at Object.Module._extensions..js (internal/modules/cjs/loader.js:1092:10)
    at Module.load (internal/modules/cjs/loader.js:928:32)
    at Function.Module._load (internal/modules/cjs/loader.js:769:14)
    at Object.<anonymous> (C:\Users\ADMIN25-SB1\AppData\Roaming\npm\node_modules\pm2\lib\ProcessContainerFork.js:33:23)
    at Module._compile (internal/modules/cjs/loader.js:1063:30)
    at Object.Module._extensions..js (internal/modules/cjs/loader.js:1092:10)
    at Module.load (internal/modules/cjs/loader.js:928:32)
    at Function.Module._load (internal/modules/cjs/loader.js:769:14)
C:\PROGRAM FILES\NODEJS\NPM.CMD:1
:: Created by npm, please don't edit manually.
^

SyntaxError: Unexpected token ':'
    at wrapSafe (internal/modules/cjs/loader.js:979:16)
    at Module._compile (internal/modules/cjs/loader.js:1027:27)
    at Object.Module._extensions..js (internal/modules/cjs/loader.js:1092:10)
    at Module.load (internal/modules/cjs/loader.js:928:32)
    at Function.Module._load (internal/modules/cjs/loader.js:769:14)
    at Object.<anonymous> (C:\Users\ADMIN25-SB1\AppData\Roaming\npm\node_modules\pm2\lib\ProcessContainerFork.js:33:23)
    at Module._compile (internal/modules/cjs/loader.js:1063:30)
    at Object.Module._extensions..js (internal/modules/cjs/loader.js:1092:10)
    at Module.load (internal/modules/cjs/loader.js:928:32)
    at Function.Module._load (internal/modules/cjs/loader.js:769:14)
C:\PROGRAM FILES\NODEJS\NPM.CMD:1
:: Created by npm, please don't edit manually.
^

SyntaxError: Unexpected token ':'
    at wrapSafe (internal/modules/cjs/loader.js:979:16)
    at Module._compile (internal/modules/cjs/loader.js:1027:27)
    at Object.Module._extensions..js (internal/modules/cjs/loader.js:1092:10)
    at Module.load (internal/modules/cjs/loader.js:928:32)
    at Function.Module._load (internal/modules/cjs/loader.js:769:14)
    at Object.<anonymous> (C:\Users\ADMIN25-SB1\AppData\Roaming\npm\node_modules\pm2\lib\ProcessContainerFork.js:33:23)
    at Module._compile (internal/modules/cjs/loader.js:1063:30)
    at Object.Module._extensions..js (internal/modules/cjs/loader.js:1092:10)
    at Module.load (internal/modules/cjs/loader.js:928:32)
    at Function.Module._load (internal/modules/cjs/loader.js:769:14)
C:\PROGRAM FILES\NODEJS\NPM.CMD:1
:: Created by npm, please don't edit manually.
^

SyntaxError: Unexpected token ':'
    at wrapSafe (internal/modules/cjs/loader.js:979:16)
    at Module._compile (internal/modules/cjs/loader.js:1027:27)
    at Object.Module._extensions..js (internal/modules/cjs/loader.js:1092:10)
    at Module.load (internal/modules/cjs/loader.js:928:32)
    at Function.Module._load (internal/modules/cjs/loader.js:769:14)
    at Object.<anonymous> (C:\Users\ADMIN25-SB1\AppData\Roaming\npm\node_modules\pm2\lib\ProcessContainerFork.js:33:23)
    at Module._compile (internal/modules/cjs/loader.js:1063:30)
    at Object.Module._extensions..js (internal/modules/cjs/loader.js:1092:10)
    at Module.load (internal/modules/cjs/loader.js:928:32)
    at Function.Module._load (internal/modules/cjs/loader.js:769:14)
C:\PROGRAM FILES\NODEJS\NPM.CMD:1
:: Created by npm, please don't edit manually.
^

SyntaxError: Unexpected token ':'
    at wrapSafe (internal/modules/cjs/loader.js:979:16)
    at Module._compile (internal/modules/cjs/loader.js:1027:27)
    at Object.Module._extensions..js (internal/modules/cjs/loader.js:1092:10)
    at Module.load (internal/modules/cjs/loader.js:928:32)
    at Function.Module._load (internal/modules/cjs/loader.js:769:14)
    at Object.<anonymous> (C:\Users\ADMIN25-SB1\AppData\Roaming\npm\node_modules\pm2\lib\ProcessContainerFork.js:33:23)
    at Module._compile (internal/modules/cjs/loader.js:1063:30)
    at Object.Module._extensions..js (internal/modules/cjs/loader.js:1092:10)
    at Module.load (internal/modules/cjs/loader.js:928:32)
    at Function.Module._load (internal/modules/cjs/loader.js:769:14)
C:\PROGRAM FILES\NODEJS\NPM.CMD:1
:: Created by npm, please don't edit manually.
^

SyntaxError: Unexpected token ':'
    at wrapSafe (internal/modules/cjs/loader.js:979:16)
    at Module._compile (internal/modules/cjs/loader.js:1027:27)
    at Object.Module._extensions..js (internal/modules/cjs/loader.js:1092:10)
    at Module.load (internal/modules/cjs/loader.js:928:32)
    at Function.Module._load (internal/modules/cjs/loader.js:769:14)
    at Object.<anonymous> (C:\Users\ADMIN25-SB1\AppData\Roaming\npm\node_modules\pm2\lib\ProcessContainerFork.js:33:23)
    at Module._compile (internal/modules/cjs/loader.js:1063:30)
    at Object.Module._extensions..js (internal/modules/cjs/loader.js:1092:10)
    at Module.load (internal/modules/cjs/loader.js:928:32)
    at Function.Module._load (internal/modules/cjs/loader.js:769:14)
C:\PROGRAM FILES\NODEJS\NPM.CMD:1
:: Created by npm, please don't edit manually.
^

SyntaxError: Unexpected token ':'
    at wrapSafe (internal/modules/cjs/loader.js:979:16)
    at Module._compile (internal/modules/cjs/loader.js:1027:27)
    at Object.Module._extensions..js (internal/modules/cjs/loader.js:1092:10)
    at Module.load (internal/modules/cjs/loader.js:928:32)
    at Function.Module._load (internal/modules/cjs/loader.js:769:14)
    at Object.<anonymous> (C:\Users\ADMIN25-SB1\AppData\Roaming\npm\node_modules\pm2\lib\ProcessContainerFork.js:33:23)
    at Module._compile (internal/modules/cjs/loader.js:1063:30)
    at Object.Module._extensions..js (internal/modules/cjs/loader.js:1092:10)
    at Module.load (internal/modules/cjs/loader.js:928:32)
    at Function.Module._load (internal/modules/cjs/loader.js:769:14)
C:\PROGRAM FILES\NODEJS\NPM.CMD:1
:: Created by npm, please don't edit manually.
^

SyntaxError: Unexpected token ':'
    at wrapSafe (internal/modules/cjs/loader.js:979:16)
    at Module._compile (internal/modules/cjs/loader.js:1027:27)
    at Object.Module._extensions..js (internal/modules/cjs/loader.js:1092:10)
    at Module.load (internal/modules/cjs/loader.js:928:32)
    at Function.Module._load (internal/modules/cjs/loader.js:769:14)
    at Object.<anonymous> (C:\Users\ADMIN25-SB1\AppData\Roaming\npm\node_modules\pm2\lib\ProcessContainerFork.js:33:23)
    at Module._compile (internal/modules/cjs/loader.js:1063:30)
    at Object.Module._extensions..js (internal/modules/cjs/loader.js:1092:10)
    at Module.load (internal/modules/cjs/loader.js:928:32)
    at Function.Module._load (internal/modules/cjs/loader.js:769:14)
C:\PROGRAM FILES\NODEJS\NPM.CMD:1
:: Created by npm, please don't edit manually.
^

SyntaxError: Unexpected token ':'
    at wrapSafe (internal/modules/cjs/loader.js:979:16)
    at Module._compile (internal/modules/cjs/loader.js:1027:27)
    at Object.Module._extensions..js (internal/modules/cjs/loader.js:1092:10)
    at Module.load (internal/modules/cjs/loader.js:928:32)
    at Function.Module._load (internal/modules/cjs/loader.js:769:14)
    at Object.<anonymous> (C:\Users\ADMIN25-SB1\AppData\Roaming\npm\node_modules\pm2\lib\ProcessContainerFork.js:33:23)
    at Module._compile (internal/modules/cjs/loader.js:1063:30)
    at Object.Module._extensions..js (internal/modules/cjs/loader.js:1092:10)
    at Module.load (internal/modules/cjs/loader.js:928:32)
    at Function.Module._load (internal/modules/cjs/loader.js:769:14)
C:\PROGRAM FILES\NODEJS\NPM.CMD:1
:: Created by npm, please don't edit manually.
^

SyntaxError: Unexpected token ':'
    at wrapSafe (internal/modules/cjs/loader.js:979:16)
    at Module._compile (internal/modules/cjs/loader.js:1027:27)
    at Object.Module._extensions..js (internal/modules/cjs/loader.js:1092:10)
    at Module.load (internal/modules/cjs/loader.js:928:32)
    at Function.Module._load (internal/modules/cjs/loader.js:769:14)
    at Object.<anonymous> (C:\Users\ADMIN25-SB1\AppData\Roaming\npm\node_modules\pm2\lib\ProcessContainerFork.js:33:23)
    at Module._compile (internal/modules/cjs/loader.js:1063:30)
    at Object.Module._extensions..js (internal/modules/cjs/loader.js:1092:10)
    at Module.load (internal/modules/cjs/loader.js:928:32)
    at Function.Module._load (internal/modules/cjs/loader.js:769:14)
Error: Could not find a production build in the 'E:\KartuPasein-Auto\.next' directory. Try building your app with 'next build' before starting the production server. https://nextjs.org/docs/messages/production-start-no-build-id
    at Server.readBuildId (E:\KartuPasein-Auto\node_modules\next\dist\next-server\server\next-server.js:151:355)
    at new Server (E:\KartuPasein-Auto\node_modules\next\dist\next-server\server\next-server.js:3:120)
    at NextServer.createServer (E:\KartuPasein-Auto\node_modules\next\dist\server\next.js:1:2935)
    at async E:\KartuPasein-Auto\node_modules\next\dist\server\next.js:1:3360
